<?xml version="1.0" encoding="UTF-8"?>
<!-- Generated by org.testng.reporters.JUnitReportReporter -->
<testsuite hostname="Losuinda" failures="0" tests="2" name="testcases.TC00_RegisterTest" time="2.346" errors="0" timestamp="2024-09-27T13:48:02 CEST" skipped="0">
  <testcase classname="testcases.TC00_RegisterTest" name="testhomepage" time="0.546"/>
  <testcase classname="testcases.TC00_RegisterTest" name="testregister" time="1.800"/>
</testsuite> <!-- testcases.TC00_RegisterTest -->
