<?xml version="1.0" encoding="UTF-8"?>
<!-- Generated by org.testng.reporters.JUnitReportReporter -->
<testsuite hostname="Losuinda" failures="0" tests="2" name="testcases.RegisterTest" time="1.819" errors="0" timestamp="2024-09-18T13:07:58 CEST" skipped="0">
  <testcase classname="testcases.RegisterTest" name="testhomepage" time="0.455"/>
  <testcase classname="testcases.RegisterTest" name="testregister" time="1.364"/>
</testsuite> <!-- testcases.RegisterTest -->
