<?xml version="1.0" encoding="UTF-8"?>
<!-- Generated by org.testng.reporters.JUnitReportReporter -->
<testsuite hostname="Losuinda" failures="0" tests="1" name="testcases.HomePageTest" time="0.552" errors="0" timestamp="2024-09-18T11:44:59 CEST" skipped="0">
  <testcase classname="testcases.HomePageTest" name="testhomepage" time="0.552"/>
</testsuite> <!-- testcases.HomePageTest -->
