<?xml version="1.0" encoding="UTF-8"?>
<!-- Generated by org.testng.reporters.JUnitReportReporter -->
<testsuite hostname="Losuinda" failures="0" tests="2" name="testcases.TC00_RegisterTest" time="2.173" errors="0" timestamp="2024-09-27T16:48:14 CEST" skipped="0">
  <testcase classname="testcases.TC00_RegisterTest" name="testhomepage" time="0.532"/>
  <testcase classname="testcases.TC00_RegisterTest" name="testregister" time="1.641"/>
</testsuite> <!-- testcases.TC00_RegisterTest -->
